<?xml version="1.0" encoding="UTF-8"?>
<persistence version="2.1" xmlns="http://xmlns.jcp.org/xml/ns/persistence" xmlns:xsi="http://www.w3.org/2001/XMLSchema-instance" xsi:schemaLocation="http://xmlns.jcp.org/xml/ns/persistence http://xmlns.jcp.org/xml/ns/persistence/persistence_2_1.xsd">
	<persistence-unit name="tttPU" transaction-type="RESOURCE_LOCAL" >
  
  
    <provider>org.eclipse.persistence.jpa.PersistenceProvider</provider>
    <class>model.Company</class>
    <class>model.Project</class>
    <class>model.Task</class>
    <class>model.TaskLog</class>
    <class>model.User</class>
    
    <exclude-unlisted-classes>true</exclude-unlisted-classes>
    
    <properties>
      <property name="eclipselink.logging.level" value="FINE"/>
    </properties>
    
  </persistence-unit>
</persistence>